<?xml version="1.0" encoding="UTF-8"?>
<!-- Generated by org.testng.reporters.JUnitReportReporter -->
<testsuite hostname="ipaddr-7.11" name="org.das.tests.routing.EchoService" tests="1" failures="0" timestamp="23 Jun 2017 11:29:09 GMT" time="0.000" errors="0">
  <testcase name="getPostToEcho" time="0.000" classname="org.das.tests.routing.EchoService"/>
</testsuite> <!-- org.das.tests.routing.EchoService -->
